<?xml version="1.0" encoding="UTF-8"?>
<testsuite name="org.example.bookingsystem.shared.infrastructre.jwt.JwtFilterTest" tests="4" skipped="0" failures="0" errors="0" timestamp="2025-10-05T23:03:28.004Z" hostname="sa" time="0.379">
  <properties/>
  <testcase name="should_set_authentication_when_token_valid()" classname="org.example.bookingsystem.shared.infrastructre.jwt.JwtFilterTest" time="0.362"/>
  <testcase name="should_call_filterChain_when_no_authorization_header()" classname="org.example.bookingsystem.shared.infrastructre.jwt.JwtFilterTest" time="0.003"/>
  <testcase name="should_return_401_when_token_invalid()" classname="org.example.bookingsystem.shared.infrastructre.jwt.JwtFilterTest" time="0.009"/>
  <testcase name="should_callFilterChain_when_not_start_with_BearerToken()" classname="org.example.bookingsystem.shared.infrastructre.jwt.JwtFilterTest" time="0.003"/>
  <system-out><![CDATA[]]></system-out>
  <system-err><![CDATA[]]></system-err>
</testsuite>
