<?xml version="1.0" encoding="UTF-8"?>
<testsuite name="org.example.bookingsystem.booking.infrastructre.repository.BookingRepositoryRelationDbTest" tests="5" skipped="0" failures="0" errors="0" timestamp="2025-10-05T23:03:25.620Z" hostname="sa" time="0.338">
  <properties/>
  <testcase name="shouldReturnEmptyList_whenNoBookingMatches()" classname="org.example.bookingsystem.booking.infrastructre.repository.BookingRepositoryRelationDbTest" time="0.212"/>
  <testcase name="shouldReturnAllBookings_whenBothAppointmentAndTypeAreNull()" classname="org.example.bookingsystem.booking.infrastructre.repository.BookingRepositoryRelationDbTest" time="0.032"/>
  <testcase name="shouldReturnBooking_whenTypeIsNullButAppointmentMatches()" classname="org.example.bookingsystem.booking.infrastructre.repository.BookingRepositoryRelationDbTest" time="0.029"/>
  <testcase name="shouldReturnBooking_whenAppointmentAndTypeMatch()" classname="org.example.bookingsystem.booking.infrastructre.repository.BookingRepositoryRelationDbTest" time="0.029"/>
  <testcase name="shouldReturnBooking_whenAppointmentIsNullButTypeMatches()" classname="org.example.bookingsystem.booking.infrastructre.repository.BookingRepositoryRelationDbTest" time="0.029"/>
  <system-out><![CDATA[2025-10-06T02:03:25.592+03:00  INFO 76009 --- [booking-system-test] [    Test worker] t.c.s.AnnotationConfigContextLoaderUtils : Could not detect default configuration classes for test class [org.example.bookingsystem.booking.infrastructre.repository.BookingRepositoryRelationDbTest]: BookingRepositoryRelationDbTest does not declare any static, non-private, non-final, nested classes annotated with @Configuration.
2025-10-06T02:03:25.616+03:00  INFO 76009 --- [booking-system-test] [    Test worker] .b.t.c.SpringBootTestContextBootstrapper : Found @SpringBootConfiguration org.example.bookingsystem.BookingSystemApplication for test class org.example.bookingsystem.booking.infrastructre.repository.BookingRepositoryRelationDbTest
2025-10-06T02:03:25.718+03:00  INFO 76009 --- [booking-system-test] [    Test worker] i.z.t.d.l.EmbeddedDatabaseReporter       : JDBC URL to connect to 'dataSource': url='jdbc:postgresql://localhost:32775/kxrjlsoomvsq?user=postgres&password=docker', scope='BookingRepositoryRelationDbTest#shouldReturnEmptyList_whenNoBookingMatches'
2025-10-06T02:03:25.848+03:00  INFO 76009 --- [booking-system-test] [    Test worker] i.z.t.d.l.EmbeddedDatabaseReporter       : JDBC URL to connect to 'dataSource': url='jdbc:postgresql://localhost:32775/kxrjlsoomvsq?user=postgres&password=docker', scope='BookingRepositoryRelationDbTest#shouldReturnAllBookings_whenBothAppointmentAndTypeAreNull'
2025-10-06T02:03:25.881+03:00  INFO 76009 --- [booking-system-test] [    Test worker] i.z.t.d.l.EmbeddedDatabaseReporter       : JDBC URL to connect to 'dataSource': url='jdbc:postgresql://localhost:32775/kxrjlsoomvsq?user=postgres&password=docker', scope='BookingRepositoryRelationDbTest#shouldReturnBooking_whenTypeIsNullButAppointmentMatches'
2025-10-06T02:03:25.910+03:00  INFO 76009 --- [booking-system-test] [    Test worker] i.z.t.d.l.EmbeddedDatabaseReporter       : JDBC URL to connect to 'dataSource': url='jdbc:postgresql://localhost:32775/kxrjlsoomvsq?user=postgres&password=docker', scope='BookingRepositoryRelationDbTest#shouldReturnBooking_whenAppointmentAndTypeMatch'
2025-10-06T02:03:25.942+03:00  INFO 76009 --- [booking-system-test] [    Test worker] i.z.t.d.l.EmbeddedDatabaseReporter       : JDBC URL to connect to 'dataSource': url='jdbc:postgresql://localhost:32775/kxrjlsoomvsq?user=postgres&password=docker', scope='BookingRepositoryRelationDbTest#shouldReturnBooking_whenAppointmentIsNullButTypeMatches'
]]></system-out>
  <system-err><![CDATA[]]></system-err>
</testsuite>
