<?xml version="1.0" encoding="UTF-8"?>
<testsuite name="org.example.bookingsystem.BookingSystemApplicationTests" tests="1" skipped="0" failures="0" errors="0" timestamp="2025-10-05T23:03:24.978Z" hostname="sa" time="0.455">
  <properties/>
  <testcase name="contextLoads()" classname="org.example.bookingsystem.BookingSystemApplicationTests" time="0.455"/>
  <system-out><![CDATA[02:03:15.539 [Test worker] INFO org.springframework.test.context.support.AnnotationConfigContextLoaderUtils -- Could not detect default configuration classes for test class [org.example.bookingsystem.BookingSystemApplicationTests]: BookingSystemApplicationTests does not declare any static, non-private, non-final, nested classes annotated with @Configuration.
02:03:15.795 [Test worker] INFO org.springframework.boot.test.context.SpringBootTestContextBootstrapper -- Found @SpringBootConfiguration org.example.bookingsystem.BookingSystemApplication for test class org.example.bookingsystem.BookingSystemApplicationTests

  .   ____          _            __ _ _
 /\\ / ___'_ __ _ _(_)_ __  __ _ \ \ \ \
( ( )\___ | '_ | '_| | '_ \/ _` | \ \ \ \
 \\/  ___)| |_)| | | | | || (_| |  ) ) ) )
  '  |____| .__|_| |_|_| |_\__, | / / / /
 =========|_|==============|___/=/_/_/_/

 :: Spring Boot ::                (v3.5.6)

2025-10-06T02:03:16.697+03:00  INFO 76009 --- [booking-system-test] [    Test worker] o.e.b.BookingSystemApplicationTests      : Starting BookingSystemApplicationTests using Java 21.0.8 with PID 76009 (started by sa in /home/sa/Simple-Booking-System/booking-system)
2025-10-06T02:03:16.699+03:00  INFO 76009 --- [booking-system-test] [    Test worker] o.e.b.BookingSystemApplicationTests      : No active profile set, falling back to 1 default profile: "default"
2025-10-06T02:03:17.591+03:00  INFO 76009 --- [booking-system-test] [    Test worker] .s.d.r.c.RepositoryConfigurationDelegate : Bootstrapping Spring Data JPA repositories in DEFAULT mode.
2025-10-06T02:03:17.666+03:00  INFO 76009 --- [booking-system-test] [    Test worker] .s.d.r.c.RepositoryConfigurationDelegate : Finished Spring Data repository scanning in 60 ms. Found 3 JPA repository interfaces.
2025-10-06T02:03:17.860+03:00  INFO 76009 --- [booking-system-test] [    Test worker] EmbeddedDatabaseContextCustomizerFactory : Replacing 'dataSource' DataSource bean with embedded version
2025-10-06T02:03:18.126+03:00  WARN 76009 --- [booking-system-test] [    Test worker] trationDelegate$BeanPostProcessorChecker : Bean 'io.zonky.test.db.config.EmbeddedDatabaseAutoConfiguration' of type [io.zonky.test.db.config.EmbeddedDatabaseAutoConfiguration$$SpringCGLIB$$0] is not eligible for getting processed by all BeanPostProcessors (for example: not eligible for auto-proxying). The currently created BeanPostProcessor [flywayDatabaseExtension] is declared through a non-static factory method on that class; consider declaring it as static instead.
2025-10-06T02:03:18.410+03:00  INFO 76009 --- [booking-system-test] [  prefetching-1] org.testcontainers.images.PullPolicy     : Image pull policy will be performed by: DefaultPullPolicy()
2025-10-06T02:03:18.415+03:00  INFO 76009 --- [booking-system-test] [  prefetching-1] o.t.utility.ImageNameSubstitutor         : Image name substitution will be performed by: DefaultImageNameSubstitutor (composite of 'ConfigurationFileImageNameSubstitutor' and 'PrefixingImageNameSubstitutor')
2025-10-06T02:03:18.422+03:00  INFO 76009 --- [booking-system-test] [  prefetching-1] org.testcontainers.DockerClientFactory   : Testcontainers version: 1.21.3
2025-10-06T02:03:18.680+03:00  INFO 76009 --- [booking-system-test] [  prefetching-1] o.t.d.DockerClientProviderStrategy       : Loaded org.testcontainers.dockerclient.UnixSocketClientProviderStrategy from ~/.testcontainers.properties, will try it first
2025-10-06T02:03:19.031+03:00  INFO 76009 --- [booking-system-test] [  prefetching-1] o.t.d.DockerClientProviderStrategy       : Found Docker environment with local Unix socket (unix:///var/run/docker.sock)
2025-10-06T02:03:19.032+03:00  INFO 76009 --- [booking-system-test] [  prefetching-1] org.testcontainers.DockerClientFactory   : Docker host IP address is localhost
2025-10-06T02:03:19.046+03:00  INFO 76009 --- [booking-system-test] [  prefetching-1] org.testcontainers.DockerClientFactory   : Connected to docker: 
  Server Version: 28.3.3
  API Version: 1.51
  Operating System: Ubuntu 24.04.2 LTS
  Total Memory: 15618 MB
2025-10-06T02:03:19.075+03:00  INFO 76009 --- [booking-system-test] [  prefetching-1] tc.testcontainers/ryuk:0.12.0            : Creating container for image: testcontainers/ryuk:0.12.0
2025-10-06T02:03:19.081+03:00  INFO 76009 --- [booking-system-test] [  prefetching-1] o.t.utility.RegistryAuthLocator          : Failure when attempting to lookup auth config. Please ignore if you don't have images in an authenticated registry. Details: (dockerImageName: testcontainers/ryuk:0.12.0, configFile: /home/sa/.docker/config.json, configEnv: DOCKER_AUTH_CONFIG). Falling back to docker-java default behaviour. Exception message: Status 404: No config supplied. Checked in order: /home/sa/.docker/config.json (file not found), DOCKER_AUTH_CONFIG (not set)
2025-10-06T02:03:19.238+03:00  INFO 76009 --- [booking-system-test] [  prefetching-1] tc.testcontainers/ryuk:0.12.0            : Container testcontainers/ryuk:0.12.0 is starting: a0db6c58812fb097e51d4fc3e20cfada0156023b94c8ec01ab343f93fb62ec25
2025-10-06T02:03:19.526+03:00  INFO 76009 --- [booking-system-test] [  prefetching-1] tc.testcontainers/ryuk:0.12.0            : Container testcontainers/ryuk:0.12.0 started in PT0.451150699S
2025-10-06T02:03:19.531+03:00  INFO 76009 --- [booking-system-test] [  prefetching-1] o.t.utility.RyukResourceReaper           : Ryuk started - will monitor and terminate Testcontainers containers on JVM exit
2025-10-06T02:03:19.532+03:00  INFO 76009 --- [booking-system-test] [  prefetching-1] org.testcontainers.DockerClientFactory   : Checking the system...
2025-10-06T02:03:19.532+03:00  INFO 76009 --- [booking-system-test] [  prefetching-1] org.testcontainers.DockerClientFactory   : ✔︎ Docker server version should be at least 1.6.0
2025-10-06T02:03:19.533+03:00  INFO 76009 --- [booking-system-test] [  prefetching-1] tc.postgres:11-alpine                    : Creating container for image: postgres:11-alpine
2025-10-06T02:03:19.558+03:00  INFO 76009 --- [booking-system-test] [  prefetching-1] tc.postgres:11-alpine                    : Container postgres:11-alpine is starting: b109ca6bbfc847d517824317ac9702a0783b458ddeb62afe10c43321b690eaae
2025-10-06T02:03:20.939+03:00  INFO 76009 --- [booking-system-test] [  prefetching-1] tc.postgres:11-alpine                    : Container postgres:11-alpine started in PT1.405979065S
2025-10-06T02:03:20.940+03:00  INFO 76009 --- [booking-system-test] [  prefetching-1] tc.postgres:11-alpine                    : Container is started (JDBC URL: jdbc:postgresql://localhost:32775/test?loggerLevel=OFF)
2025-10-06T02:03:20.949+03:00  INFO 76009 --- [booking-system-test] [tream-965397448] z.t.d.p.p.DockerPostgresDatabaseProvider : STDOUT: The files belonging to this database system will be owned by user "postgres".
2025-10-06T02:03:20.949+03:00  INFO 76009 --- [booking-system-test] [tream-965397448] z.t.d.p.p.DockerPostgresDatabaseProvider : STDOUT: This user must also own the server process.
2025-10-06T02:03:20.950+03:00  INFO 76009 --- [booking-system-test] [tream-965397448] z.t.d.p.p.DockerPostgresDatabaseProvider : STDOUT: 
2025-10-06T02:03:20.950+03:00  INFO 76009 --- [booking-system-test] [tream-965397448] z.t.d.p.p.DockerPostgresDatabaseProvider : STDOUT: The database cluster will be initialized with locale "en_US.utf8".
2025-10-06T02:03:20.950+03:00  INFO 76009 --- [booking-system-test] [tream-965397448] z.t.d.p.p.DockerPostgresDatabaseProvider : STDOUT: The default database encoding has accordingly been set to "UTF8".
2025-10-06T02:03:20.950+03:00  INFO 76009 --- [booking-system-test] [tream-965397448] z.t.d.p.p.DockerPostgresDatabaseProvider : STDOUT: The default text search configuration will be set to "english".
2025-10-06T02:03:20.951+03:00  INFO 76009 --- [booking-system-test] [tream-965397448] z.t.d.p.p.DockerPostgresDatabaseProvider : STDOUT: 
2025-10-06T02:03:20.951+03:00  INFO 76009 --- [booking-system-test] [tream-965397448] z.t.d.p.p.DockerPostgresDatabaseProvider : STDOUT: Data page checksums are disabled.
2025-10-06T02:03:20.951+03:00  INFO 76009 --- [booking-system-test] [tream-965397448] z.t.d.p.p.DockerPostgresDatabaseProvider : STDOUT: 
2025-10-06T02:03:20.951+03:00  INFO 76009 --- [booking-system-test] [tream-965397448] z.t.d.p.p.DockerPostgresDatabaseProvider : STDOUT: fixing permissions on existing directory /var/lib/postgresql/data ... ok
2025-10-06T02:03:20.952+03:00  INFO 76009 --- [booking-system-test] [tream-965397448] z.t.d.p.p.DockerPostgresDatabaseProvider : STDOUT: creating subdirectories ... ok
2025-10-06T02:03:20.952+03:00  INFO 76009 --- [booking-system-test] [tream-965397448] z.t.d.p.p.DockerPostgresDatabaseProvider : STDOUT: selecting default max_connections ... 100
2025-10-06T02:03:20.952+03:00  INFO 76009 --- [booking-system-test] [tream-965397448] z.t.d.p.p.DockerPostgresDatabaseProvider : STDOUT: selecting default shared_buffers ... 128MB
2025-10-06T02:03:20.952+03:00  INFO 76009 --- [booking-system-test] [tream-965397448] z.t.d.p.p.DockerPostgresDatabaseProvider : STDOUT: selecting default timezone ... UTC
2025-10-06T02:03:20.953+03:00  INFO 76009 --- [booking-system-test] [tream-965397448] z.t.d.p.p.DockerPostgresDatabaseProvider : STDOUT: selecting dynamic shared memory implementation ... posix
2025-10-06T02:03:20.953+03:00  INFO 76009 --- [booking-system-test] [tream-965397448] z.t.d.p.p.DockerPostgresDatabaseProvider : STDOUT: creating configuration files ... ok
2025-10-06T02:03:20.953+03:00  INFO 76009 --- [booking-system-test] [tream-965397448] z.t.d.p.p.DockerPostgresDatabaseProvider : STDOUT: running bootstrap script ... ok
2025-10-06T02:03:20.953+03:00  INFO 76009 --- [booking-system-test] [tream-965397448] z.t.d.p.p.DockerPostgresDatabaseProvider : STDERR: sh: locale: not found
2025-10-06T02:03:20.954+03:00  INFO 76009 --- [booking-system-test] [tream-965397448] z.t.d.p.p.DockerPostgresDatabaseProvider : STDERR: 2025-10-05 23:03:20.181 UTC [30] WARNING:  no usable system locales were found
2025-10-06T02:03:20.954+03:00  INFO 76009 --- [booking-system-test] [tream-965397448] z.t.d.p.p.DockerPostgresDatabaseProvider : STDOUT: performing post-bootstrap initialization ... ok
2025-10-06T02:03:20.954+03:00  INFO 76009 --- [booking-system-test] [tream-965397448] z.t.d.p.p.DockerPostgresDatabaseProvider : STDOUT: 
2025-10-06T02:03:20.955+03:00  INFO 76009 --- [booking-system-test] [tream-965397448] z.t.d.p.p.DockerPostgresDatabaseProvider : STDOUT: Sync to disk skipped.
2025-10-06T02:03:20.955+03:00  INFO 76009 --- [booking-system-test] [tream-965397448] z.t.d.p.p.DockerPostgresDatabaseProvider : STDOUT: The data directory might become corrupt if the operating system crashes.
2025-10-06T02:03:20.955+03:00  INFO 76009 --- [booking-system-test] [tream-965397448] z.t.d.p.p.DockerPostgresDatabaseProvider : STDERR: 
2025-10-06T02:03:20.955+03:00  INFO 76009 --- [booking-system-test] [tream-965397448] z.t.d.p.p.DockerPostgresDatabaseProvider : STDERR: WARNING: enabling "trust" authentication for local connections
2025-10-06T02:03:20.956+03:00  INFO 76009 --- [booking-system-test] [tream-965397448] z.t.d.p.p.DockerPostgresDatabaseProvider : STDERR: You can change this by editing pg_hba.conf or using the option -A, or
2025-10-06T02:03:20.956+03:00  INFO 76009 --- [booking-system-test] [tream-965397448] z.t.d.p.p.DockerPostgresDatabaseProvider : STDERR: --auth-local and --auth-host, the next time you run initdb.
2025-10-06T02:03:20.956+03:00  INFO 76009 --- [booking-system-test] [tream-965397448] z.t.d.p.p.DockerPostgresDatabaseProvider : STDOUT: 
2025-10-06T02:03:20.956+03:00  INFO 76009 --- [booking-system-test] [tream-965397448] z.t.d.p.p.DockerPostgresDatabaseProvider : STDOUT: Success. You can now start the database server using:
2025-10-06T02:03:20.957+03:00  INFO 76009 --- [booking-system-test] [tream-965397448] z.t.d.p.p.DockerPostgresDatabaseProvider : STDOUT: 
2025-10-06T02:03:20.957+03:00  INFO 76009 --- [booking-system-test] [tream-965397448] z.t.d.p.p.DockerPostgresDatabaseProvider : STDOUT:     pg_ctl -D /var/lib/postgresql/data -l logfile start
2025-10-06T02:03:20.957+03:00  INFO 76009 --- [booking-system-test] [tream-965397448] z.t.d.p.p.DockerPostgresDatabaseProvider : STDOUT: 
2025-10-06T02:03:20.958+03:00  INFO 76009 --- [booking-system-test] [tream-965397448] z.t.d.p.p.DockerPostgresDatabaseProvider : STDOUT: waiting for server to start....2025-10-05 23:03:20.443 UTC [36] LOG:  listening on Unix socket "/var/run/postgresql/.s.PGSQL.5432"
2025-10-06T02:03:20.958+03:00  INFO 76009 --- [booking-system-test] [tream-965397448] z.t.d.p.p.DockerPostgresDatabaseProvider : STDOUT: 2025-10-05 23:03:20.455 UTC [37] LOG:  database system was shut down at 2025-10-05 23:03:20 UTC
2025-10-06T02:03:20.958+03:00  INFO 76009 --- [booking-system-test] [tream-965397448] z.t.d.p.p.DockerPostgresDatabaseProvider : STDOUT: 2025-10-05 23:03:20.460 UTC [36] LOG:  database system is ready to accept connections
2025-10-06T02:03:20.959+03:00  INFO 76009 --- [booking-system-test] [tream-965397448] z.t.d.p.p.DockerPostgresDatabaseProvider : STDOUT:  done
2025-10-06T02:03:20.959+03:00  INFO 76009 --- [booking-system-test] [tream-965397448] z.t.d.p.p.DockerPostgresDatabaseProvider : STDOUT: server started
2025-10-06T02:03:20.959+03:00  INFO 76009 --- [booking-system-test] [tream-965397448] z.t.d.p.p.DockerPostgresDatabaseProvider : STDOUT: CREATE DATABASE
2025-10-06T02:03:20.959+03:00  INFO 76009 --- [booking-system-test] [tream-965397448] z.t.d.p.p.DockerPostgresDatabaseProvider : STDOUT: 
2025-10-06T02:03:20.960+03:00  INFO 76009 --- [booking-system-test] [tream-965397448] z.t.d.p.p.DockerPostgresDatabaseProvider : STDOUT: 
2025-10-06T02:03:20.960+03:00  INFO 76009 --- [booking-system-test] [tream-965397448] z.t.d.p.p.DockerPostgresDatabaseProvider : STDOUT: /usr/local/bin/docker-entrypoint.sh: ignoring /docker-entrypoint-initdb.d/*
2025-10-06T02:03:20.960+03:00  INFO 76009 --- [booking-system-test] [tream-965397448] z.t.d.p.p.DockerPostgresDatabaseProvider : STDOUT: 
2025-10-06T02:03:20.960+03:00  INFO 76009 --- [booking-system-test] [tream-965397448] z.t.d.p.p.DockerPostgresDatabaseProvider : STDOUT: waiting for server to shut down....2025-10-05 23:03:20.795 UTC [36] LOG:  received fast shutdown request
2025-10-06T02:03:20.961+03:00  INFO 76009 --- [booking-system-test] [tream-965397448] z.t.d.p.p.DockerPostgresDatabaseProvider : STDOUT: 2025-10-05 23:03:20.795 UTC [36] LOG:  aborting any active transactions
2025-10-06T02:03:20.961+03:00  INFO 76009 --- [booking-system-test] [tream-965397448] z.t.d.p.p.DockerPostgresDatabaseProvider : STDOUT: 2025-10-05 23:03:20.798 UTC [36] LOG:  background worker "logical replication launcher" (PID 43) exited with exit code 1
2025-10-06T02:03:20.961+03:00  INFO 76009 --- [booking-system-test] [tream-965397448] z.t.d.p.p.DockerPostgresDatabaseProvider : STDOUT: 2025-10-05 23:03:20.798 UTC [38] LOG:  shutting down
2025-10-06T02:03:20.961+03:00  INFO 76009 --- [booking-system-test] [tream-965397448] z.t.d.p.p.DockerPostgresDatabaseProvider : STDOUT: 2025-10-05 23:03:20.807 UTC [36] LOG:  database system is shut down
2025-10-06T02:03:20.962+03:00  INFO 76009 --- [booking-system-test] [tream-965397448] z.t.d.p.p.DockerPostgresDatabaseProvider : STDOUT:  done
2025-10-06T02:03:20.962+03:00  INFO 76009 --- [booking-system-test] [tream-965397448] z.t.d.p.p.DockerPostgresDatabaseProvider : STDOUT: server stopped
2025-10-06T02:03:20.962+03:00  INFO 76009 --- [booking-system-test] [tream-965397448] z.t.d.p.p.DockerPostgresDatabaseProvider : STDOUT: 
2025-10-06T02:03:20.962+03:00  INFO 76009 --- [booking-system-test] [tream-965397448] z.t.d.p.p.DockerPostgresDatabaseProvider : STDOUT: PostgreSQL init process complete; ready for start up.
2025-10-06T02:03:20.962+03:00  INFO 76009 --- [booking-system-test] [tream-965397448] z.t.d.p.p.DockerPostgresDatabaseProvider : STDOUT: 
2025-10-06T02:03:20.962+03:00  INFO 76009 --- [booking-system-test] [tream-965397448] z.t.d.p.p.DockerPostgresDatabaseProvider : STDERR: 2025-10-05 23:03:20.917 UTC [1] LOG:  listening on IPv4 address "0.0.0.0", port 5432
2025-10-06T02:03:20.963+03:00  INFO 76009 --- [booking-system-test] [tream-965397448] z.t.d.p.p.DockerPostgresDatabaseProvider : STDERR: 2025-10-05 23:03:20.917 UTC [1] LOG:  listening on IPv6 address "::", port 5432
2025-10-06T02:03:20.963+03:00  INFO 76009 --- [booking-system-test] [tream-965397448] z.t.d.p.p.DockerPostgresDatabaseProvider : STDERR: 2025-10-05 23:03:20.917 UTC [1] LOG:  listening on Unix socket "/var/run/postgresql/.s.PGSQL.5432"
2025-10-06T02:03:20.963+03:00  INFO 76009 --- [booking-system-test] [tream-965397448] z.t.d.p.p.DockerPostgresDatabaseProvider : STDERR: 2025-10-05 23:03:20.928 UTC [51] LOG:  database system was shut down at 2025-10-05 23:03:20 UTC
2025-10-06T02:03:20.963+03:00  INFO 76009 --- [booking-system-test] [tream-965397448] z.t.d.p.p.DockerPostgresDatabaseProvider : STDERR: 2025-10-05 23:03:20.933 UTC [1] LOG:  database system is ready to accept connections
2025-10-06T02:03:21.677+03:00  INFO 76009 --- [booking-system-test] [    Test worker] o.hibernate.jpa.internal.util.LogHelper  : HHH000204: Processing PersistenceUnitInfo [name: default]
2025-10-06T02:03:21.756+03:00  INFO 76009 --- [booking-system-test] [    Test worker] org.hibernate.Version                    : HHH000412: Hibernate ORM core version 6.6.29.Final
2025-10-06T02:03:21.783+03:00  INFO 76009 --- [booking-system-test] [    Test worker] o.h.c.internal.RegionFactoryInitiator    : HHH000026: Second-level cache disabled
2025-10-06T02:03:22.078+03:00  INFO 76009 --- [booking-system-test] [    Test worker] o.s.o.j.p.SpringPersistenceUnitInfo      : No LoadTimeWeaver setup: ignoring JPA class transformer
2025-10-06T02:03:22.195+03:00  WARN 76009 --- [booking-system-test] [    Test worker] org.hibernate.dialect.Dialect            : HHH000511: The 11.22.0 version for [org.hibernate.dialect.PostgreSQLDialect] is no longer supported, hence certain features may not work properly. The minimum supported version is 12.0.0. Check the community dialects project for available legacy versions.
2025-10-06T02:03:22.203+03:00  WARN 76009 --- [booking-system-test] [    Test worker] org.hibernate.orm.deprecation            : HHH90000025: PostgreSQLDialect does not need to be specified explicitly using 'hibernate.dialect' (remove the property setting and it will be selected by default)
2025-10-06T02:03:22.224+03:00  INFO 76009 --- [booking-system-test] [    Test worker] org.hibernate.orm.connections.pooling    : HHH10001005: Database info:
	Database JDBC URL [Connecting through datasource 'io.zonky.test.db.provider.support.BlockingDatabaseWrapper@546f0369']
	Database driver: undefined/unknown
	Database version: 11.22
	Autocommit mode: undefined/unknown
	Isolation level: undefined/unknown
	Minimum pool size: undefined/unknown
	Maximum pool size: undefined/unknown
2025-10-06T02:03:23.176+03:00  INFO 76009 --- [booking-system-test] [    Test worker] o.h.e.t.j.p.i.JtaPlatformInitiator       : HHH000489: No JTA platform available (set 'hibernate.transaction.jta.platform' to enable JTA platform integration)
2025-10-06T02:03:23.248+03:00  INFO 76009 --- [booking-system-test] [    Test worker] j.LocalContainerEntityManagerFactoryBean : Initialized JPA EntityManagerFactory for persistence unit 'default'
2025-10-06T02:03:23.489+03:00  INFO 76009 --- [booking-system-test] [    Test worker] o.s.d.j.r.query.QueryEnhancerFactory     : Hibernate is in classpath; If applicable, HQL parser will be used.
2025-10-06T02:03:24.319+03:00  WARN 76009 --- [booking-system-test] [    Test worker] JpaBaseConfiguration$JpaWebConfiguration : spring.jpa.open-in-view is enabled by default. Therefore, database queries may be performed during view rendering. Explicitly configure spring.jpa.open-in-view to disable this warning
2025-10-06T02:03:24.351+03:00  WARN 76009 --- [booking-system-test] [    Test worker] .s.s.UserDetailsServiceAutoConfiguration : 

Using generated security password: d3712a34-38c1-4f49-ae19-7c5a5be48641

This generated password is for development use only. Your security configuration must be updated before running your application in production.

2025-10-06T02:03:24.361+03:00  INFO 76009 --- [booking-system-test] [    Test worker] r$InitializeUserDetailsManagerConfigurer : Global AuthenticationManager configured with UserDetailsService bean with name inMemoryUserDetailsManager
2025-10-06T02:03:24.929+03:00  INFO 76009 --- [booking-system-test] [    Test worker] o.s.b.t.m.w.SpringBootMockServletContext : Initializing Spring TestDispatcherServlet ''
2025-10-06T02:03:24.929+03:00  INFO 76009 --- [booking-system-test] [    Test worker] o.s.t.web.servlet.TestDispatcherServlet  : Initializing Servlet ''
2025-10-06T02:03:24.930+03:00  INFO 76009 --- [booking-system-test] [    Test worker] o.s.t.web.servlet.TestDispatcherServlet  : Completed initialization in 1 ms
2025-10-06T02:03:24.957+03:00  INFO 76009 --- [booking-system-test] [    Test worker] o.e.b.BookingSystemApplicationTests      : Started BookingSystemApplicationTests in 8.873 seconds (process running for 10.892)
2025-10-06T02:03:25.393+03:00  INFO 76009 --- [booking-system-test] [    Test worker] i.z.t.d.l.EmbeddedDatabaseReporter       : JDBC URL to connect to 'dataSource': url='jdbc:postgresql://localhost:32775/kxrjlsoomvsq?user=postgres&password=docker', scope='BookingSystemApplicationTests#contextLoads'
]]></system-out>
  <system-err><![CDATA[Mockito is currently self-attaching to enable the inline-mock-maker. This will no longer work in future releases of the JDK. Please add Mockito as an agent to your build as described in Mockito's documentation: https://javadoc.io/doc/org.mockito/mockito-core/latest/org.mockito/org/mockito/Mockito.html#0.3
WARNING: A Java agent has been loaded dynamically (/home/sa/.gradle/caches/modules-2/files-2.1/net.bytebuddy/byte-buddy-agent/1.17.7/fbf3d6d649ed37fc9e9c59480a05be0a26e3c2da/byte-buddy-agent-1.17.7.jar)
WARNING: If a serviceability tool is in use, please run with -XX:+EnableDynamicAgentLoading to hide this warning
WARNING: If a serviceability tool is not in use, please run with -Djdk.instrument.traceUsage for more information
WARNING: Dynamic loading of agents will be disallowed by default in a future release
]]></system-err>
</testsuite>
