<?xml version="1.0" encoding="UTF-8"?>
<testsuite name="org.example.bookingsystem.booking.domain.model.BookingTypeTest" tests="6" skipped="0" failures="0" errors="0" timestamp="2025-10-05T23:03:25.577Z" hostname="sa" time="0.011">
  <properties/>
  <testcase name="[1] value=1, expected=HEALTHCARE" classname="org.example.bookingsystem.booking.domain.model.BookingTypeTest" time="0.001"/>
  <testcase name="[2] value=2, expected=EDUCATION" classname="org.example.bookingsystem.booking.domain.model.BookingTypeTest" time="0.001"/>
  <testcase name="[3] value=3, expected=HOME" classname="org.example.bookingsystem.booking.domain.model.BookingTypeTest" time="0.001"/>
  <testcase name="[4] value=4, expected=CONSULTANT" classname="org.example.bookingsystem.booking.domain.model.BookingTypeTest" time="0.001"/>
  <testcase name="[5] value=-1, expected=UNKNOWN" classname="org.example.bookingsystem.booking.domain.model.BookingTypeTest" time="0.001"/>
  <testcase name="[6] value=1585, expected=UNKNOWN" classname="org.example.bookingsystem.booking.domain.model.BookingTypeTest" time="0.001"/>
  <system-out><![CDATA[]]></system-out>
  <system-err><![CDATA[]]></system-err>
</testsuite>
