<?xml version="1.0" encoding="UTF-8"?>
<testsuite name="org.example.bookingsystem.user.application.register.RegisterUserUseCaseTest" tests="4" skipped="0" failures="0" errors="0" timestamp="2025-10-05T23:03:29.649Z" hostname="sa" time="0.05">
  <properties/>
  <testcase name="provider_should_register_successfully()" classname="org.example.bookingsystem.user.application.register.RegisterUserUseCaseTest" time="0.04"/>
  <testcase name="customer_should_register_successfully()" classname="org.example.bookingsystem.user.application.register.RegisterUserUseCaseTest" time="0.002"/>
  <testcase name="customer_should_not_saved_account()" classname="org.example.bookingsystem.user.application.register.RegisterUserUseCaseTest" time="0.004"/>
  <testcase name="provider_should_not_saved_account()" classname="org.example.bookingsystem.user.application.register.RegisterUserUseCaseTest" time="0.003"/>
  <system-out><![CDATA[]]></system-out>
  <system-err><![CDATA[]]></system-err>
</testsuite>
