<?xml version="1.0" encoding="UTF-8"?>
<testsuite name="org.example.bookingsystem.shared.infrastructre.jwt.JwtServiceTest" tests="5" skipped="0" failures="0" errors="0" timestamp="2025-10-05T23:03:28.386Z" hostname="sa" time="1.218">
  <properties/>
  <testcase name="validateToken_should_throw_exception_when_token_expired()" classname="org.example.bookingsystem.shared.infrastructre.jwt.JwtServiceTest" time="0.262"/>
  <testcase name="validateToken_should_return_user_when_token_valid()" classname="org.example.bookingsystem.shared.infrastructre.jwt.JwtServiceTest" time="0.118"/>
  <testcase name="validateToken_should_throw_exception_when_user_not_found()" classname="org.example.bookingsystem.shared.infrastructre.jwt.JwtServiceTest" time="0.339"/>
  <testcase name="validateToken_should_throw_exception_when_token_invalid()" classname="org.example.bookingsystem.shared.infrastructre.jwt.JwtServiceTest" time="0.227"/>
  <testcase name="generateToken_shouldContainUserClaims()" classname="org.example.bookingsystem.shared.infrastructre.jwt.JwtServiceTest" time="0.268"/>
  <system-out><![CDATA[]]></system-out>
  <system-err><![CDATA[]]></system-err>
</testsuite>
