<?xml version="1.0" encoding="UTF-8"?>
<testsuite name="org.example.bookingsystem.config.MockMvcIntegrationTest" tests="1" skipped="0" failures="0" errors="0" timestamp="2025-10-05T23:03:26.651Z" hostname="sa" time="0.011">
  <properties/>
  <testcase name="mockMvc_should_be_autowired()" classname="org.example.bookingsystem.config.MockMvcIntegrationTest" time="0.011"/>
  <system-out><![CDATA[2025-10-06T02:03:26.641+03:00  INFO 76009 --- [booking-system-test] [    Test worker] t.c.s.AnnotationConfigContextLoaderUtils : Could not detect default configuration classes for test class [org.example.bookingsystem.config.MockMvcIntegrationTest]: MockMvcIntegrationTest does not declare any static, non-private, non-final, nested classes annotated with @Configuration.
2025-10-06T02:03:26.648+03:00  INFO 76009 --- [booking-system-test] [    Test worker] .b.t.c.SpringBootTestContextBootstrapper : Found @SpringBootConfiguration org.example.bookingsystem.BookingSystemApplication for test class org.example.bookingsystem.config.MockMvcIntegrationTest
2025-10-06T02:03:26.658+03:00  INFO 76009 --- [booking-system-test] [    Test worker] i.z.t.d.l.EmbeddedDatabaseReporter       : JDBC URL to connect to 'dataSource': url='jdbc:postgresql://localhost:32775/kxrjlsoomvsq?user=postgres&password=docker', scope='MockMvcIntegrationTest#mockMvc_should_be_autowired'
]]></system-out>
  <system-err><![CDATA[]]></system-err>
</testsuite>
