<?xml version="1.0" encoding="UTF-8"?>
<testsuite name="org.example.bookingsystem.booking.domain.model.BookingTypeConverterTest" tests="11" skipped="0" failures="0" errors="0" timestamp="2025-10-05T23:03:25.525Z" hostname="sa" time="0.048">
  <properties/>
  <testcase name="[1] value=1, bookingType=HEALTHCARE" classname="org.example.bookingsystem.booking.domain.model.BookingTypeConverterTest" time="0.024"/>
  <testcase name="[2] value=2, bookingType=EDUCATION" classname="org.example.bookingsystem.booking.domain.model.BookingTypeConverterTest" time="0.001"/>
  <testcase name="[3] value=3, bookingType=HOME" classname="org.example.bookingsystem.booking.domain.model.BookingTypeConverterTest" time="0.001"/>
  <testcase name="[4] value=4, bookingType=CONSULTANT" classname="org.example.bookingsystem.booking.domain.model.BookingTypeConverterTest" time="0.001"/>
  <testcase name="[5] value=-1, bookingType=UNKNOWN" classname="org.example.bookingsystem.booking.domain.model.BookingTypeConverterTest" time="0.001"/>
  <testcase name="[6] value=1585, bookingType=UNKNOWN" classname="org.example.bookingsystem.booking.domain.model.BookingTypeConverterTest" time="0.001"/>
  <testcase name="[1] value=1, bookingType=HEALTHCARE" classname="org.example.bookingsystem.booking.domain.model.BookingTypeConverterTest" time="0.001"/>
  <testcase name="[2] value=2, bookingType=EDUCATION" classname="org.example.bookingsystem.booking.domain.model.BookingTypeConverterTest" time="0.001"/>
  <testcase name="[3] value=3, bookingType=HOME" classname="org.example.bookingsystem.booking.domain.model.BookingTypeConverterTest" time="0.001"/>
  <testcase name="[4] value=4, bookingType=CONSULTANT" classname="org.example.bookingsystem.booking.domain.model.BookingTypeConverterTest" time="0.001"/>
  <testcase name="[5] value=-1, bookingType=UNKNOWN" classname="org.example.bookingsystem.booking.domain.model.BookingTypeConverterTest" time="0.001"/>
  <system-out><![CDATA[]]></system-out>
  <system-err><![CDATA[]]></system-err>
</testsuite>
