<?xml version="1.0" encoding="UTF-8"?>
<testsuite name="org.example.bookingsystem.provider.controller.rest.create.booking.CreateBookingControllerTest" tests="2" skipped="0" failures="0" errors="0" timestamp="2025-10-05T23:03:27.079Z" hostname="sa" time="0.911">
  <properties/>
  <testcase name="users_should_cant_create_booking()" classname="org.example.bookingsystem.provider.controller.rest.create.booking.CreateBookingControllerTest" time="0.526"/>
  <testcase name="provider_should_create_booking()" classname="org.example.bookingsystem.provider.controller.rest.create.booking.CreateBookingControllerTest" time="0.38"/>
  <system-out><![CDATA[2025-10-06T02:03:27.040+03:00  INFO 76009 --- [booking-system-test] [    Test worker] t.c.s.AnnotationConfigContextLoaderUtils : Could not detect default configuration classes for test class [org.example.bookingsystem.provider.controller.rest.create.booking.CreateBookingControllerTest]: CreateBookingControllerTest does not declare any static, non-private, non-final, nested classes annotated with @Configuration.
2025-10-06T02:03:27.072+03:00  INFO 76009 --- [booking-system-test] [    Test worker] .b.t.c.SpringBootTestContextBootstrapper : Found @SpringBootConfiguration org.example.bookingsystem.BookingSystemApplication for test class org.example.bookingsystem.provider.controller.rest.create.booking.CreateBookingControllerTest
2025-10-06T02:03:27.544+03:00  INFO 76009 --- [booking-system-test] [    Test worker] i.z.t.d.l.EmbeddedDatabaseReporter       : JDBC URL to connect to 'dataSource': url='jdbc:postgresql://localhost:32775/kxrjlsoomvsq?user=postgres&password=docker', scope='CreateBookingControllerTest#users_should_cant_create_booking'
2025-10-06T02:03:27.814+03:00  INFO 76009 --- [booking-system-test] [    Test worker] i.z.t.d.l.EmbeddedDatabaseReporter       : JDBC URL to connect to 'dataSource': url='jdbc:postgresql://localhost:32775/kxrjlsoomvsq?user=postgres&password=docker', scope='CreateBookingControllerTest#provider_should_create_booking'
]]></system-out>
  <system-err><![CDATA[]]></system-err>
</testsuite>
